<?xml version="1.0" encoding="UTF-8"?>
<!-- Generated by org.testng.reporters.JUnitXMLReporter -->
<testsuite ignored="0" hostname="FFE-Divya-Vijay-Naik" failures="0" tests="5" name="Default test" time="11.777" errors="0" timestamp="2026-03-11T15:06:15 IST">
  <testcase classname="ShopperLogin.CartModuleTest" name="getProductId" time="8.715"/>
  <testcase classname="ShopperLogin.CartModuleTest" name="addCartItem" time="0.802"/>
  <testcase classname="ShopperLogin.CartModuleTest" name="getCartItems" time="0.634"/>
  <testcase classname="ShopperLogin.CartModuleTest" name="updateCartItem" time="0.673"/>
  <testcase classname="ShopperLogin.CartModuleTest" name="deleteCartItem" time="0.679"/>
</testsuite> <!-- Default test -->
