<?xml version="1.0" encoding="UTF-8"?>
<!-- Generated by org.testng.reporters.JUnitXMLReporter -->
<testsuite ignored="8" hostname="FFE-Deepika-Simon-Dsouza" failures="0" tests="15" name="Test" time="17.879" errors="0" timestamp="2026-03-12T10:54:50 IST">
  <testcase classname="ShopperLogin.ShopperStackProduct" name="GetProductTest" time="4.453"/>
  <testcase classname="ShopperLogin.CartModuleTest" name="getProductId" time="3.015"/>
  <testcase classname="ShopperLogin.CartModuleTest" name="addCartItem" time="0.789"/>
  <testcase classname="ShopperLogin.CartModuleTest" name="getCartItems" time="0.633"/>
  <testcase classname="ShopperLogin.CartModuleTest" name="updateCartItem" time="0.656"/>
  <testcase classname="ShopperLogin.CartModuleTest" name="deleteCartItem" time="0.558"/>
  <testcase classname="ShopperLogin.ShopperLoginTest" name="shopperLoginTest" time="1.5"/>
  <testcase classname="ShopperLogin.ShopperStackWishlist" name="AddProductToWishlistTest" time="0.748"/>
  <testcase classname="ShopperLogin.ShopperStackWishlist" name="GetProductFromWishlistTest" time="1.61"/>
  <testcase classname="ShopperLogin.ShopperStackWishlist" name="DeleteProductFromWishlist" time="0.579"/>
  <testcase classname="ShopperLogin.ShopperStackAddress" name="AddShopperAddresseTest" time="0.77"/>
  <testcase classname="ShopperLogin.ShopperStackAddress" name="GetShopperAddressesTest" time="0.526"/>
  <testcase classname="ShopperLogin.ShopperStackAddress" name="UpdateAddress" time="0.753"/>
  <testcase classname="ShopperLogin.ShopperStackAddress" name="GetParticularShopperAddressesTest" time="0.535"/>
  <testcase classname="ShopperLogin.ShopperStackAddress" name="DeleteAddress" time="0.511"/>
  <testcase classname="GenericUtility.BaseAPIclass" name="@AfterSuite aftersuite" time="0.0">
    <ignored/>
  </testcase> <!-- @AfterSuite aftersuite -->
  <testcase classname="GenericUtility.BaseAPIclass" name="@BeforeSuite configDB" time="0.0">
    <ignored/>
  </testcase> <!-- @BeforeSuite configDB -->
  <testcase classname="GenericUtility.BaseAPIclass" name="@BeforeSuite configDB" time="0.0">
    <ignored/>
  </testcase> <!-- @BeforeSuite configDB -->
  <testcase classname="GenericUtility.BaseAPIclass" name="@AfterSuite aftersuite" time="0.0">
    <ignored/>
  </testcase> <!-- @AfterSuite aftersuite -->
  <testcase classname="GenericUtility.BaseAPIclass" name="@BeforeSuite configDB" time="0.0">
    <ignored/>
  </testcase> <!-- @BeforeSuite configDB -->
  <testcase classname="GenericUtility.BaseAPIclass" name="@AfterSuite aftersuite" time="0.0">
    <ignored/>
  </testcase> <!-- @AfterSuite aftersuite -->
  <testcase classname="GenericUtility.BaseAPIclass" name="@AfterSuite aftersuite" time="0.0">
    <ignored/>
  </testcase> <!-- @AfterSuite aftersuite -->
  <testcase classname="GenericUtility.BaseAPIclass" name="@BeforeSuite configDB" time="0.0">
    <ignored/>
  </testcase> <!-- @BeforeSuite configDB -->
</testsuite> <!-- Test -->
