<?xml version="1.0" encoding="UTF-8"?>
<testng-results ignored="0" total="15" passed="15" failed="0" skipped="0">
  <reporter-output>
  </reporter-output>
  <suite started-at="2026-03-12T10:54:32 IST" name="Suite" finished-at="2026-03-12T10:54:50 IST" duration-ms="17879">
    <groups>
    </groups>
    <test started-at="2026-03-12T10:54:32 IST" name="Test" finished-at="2026-03-12T10:54:50 IST" duration-ms="17879">
      <class name="ShopperLogin.CartModuleTest">
        <test-method is-config="true" signature="config()[pri:0, instance:ShopperLogin.CartModuleTest@63475ace]" started-at="2026-03-12T10:54:37 IST" name="config" finished-at="2026-03-12T10:54:37 IST" duration-ms="2" status="PASS">
          <reporter-output>
          </reporter-output>
        </test-method> <!-- config -->
        <test-method signature="getProductId()[pri:1, instance:ShopperLogin.CartModuleTest@63475ace]" started-at="2026-03-12T10:54:37 IST" name="getProductId" finished-at="2026-03-12T10:54:40 IST" duration-ms="3015" status="PASS">
          <reporter-output>
          </reporter-output>
        </test-method> <!-- getProductId -->
        <test-method signature="addCartItem()[pri:2, instance:ShopperLogin.CartModuleTest@63475ace]" started-at="2026-03-12T10:54:40 IST" name="addCartItem" finished-at="2026-03-12T10:54:41 IST" duration-ms="789" status="PASS">
          <reporter-output>
          </reporter-output>
        </test-method> <!-- addCartItem -->
        <test-method signature="getCartItems()[pri:3, instance:ShopperLogin.CartModuleTest@63475ace]" started-at="2026-03-12T10:54:41 IST" name="getCartItems" finished-at="2026-03-12T10:54:42 IST" duration-ms="633" status="PASS">
          <reporter-output>
          </reporter-output>
        </test-method> <!-- getCartItems -->
        <test-method signature="updateCartItem()[pri:4, instance:ShopperLogin.CartModuleTest@63475ace]" started-at="2026-03-12T10:54:42 IST" name="updateCartItem" finished-at="2026-03-12T10:54:42 IST" depends-on-methods="ShopperLogin.CartModuleTest.addCartItem" duration-ms="656" status="PASS">
          <reporter-output>
          </reporter-output>
        </test-method> <!-- updateCartItem -->
        <test-method signature="deleteCartItem()[pri:5, instance:ShopperLogin.CartModuleTest@63475ace]" started-at="2026-03-12T10:54:42 IST" name="deleteCartItem" finished-at="2026-03-12T10:54:43 IST" duration-ms="558" status="PASS">
          <reporter-output>
          </reporter-output>
        </test-method> <!-- deleteCartItem -->
      </class> <!-- ShopperLogin.CartModuleTest -->
      <class name="ShopperLogin.ShopperStackAddress">
        <test-method is-config="true" signature="config()[pri:0, instance:ShopperLogin.ShopperStackAddress@305b7c14]" started-at="2026-03-12T10:54:47 IST" name="config" finished-at="2026-03-12T10:54:47 IST" duration-ms="2" status="PASS">
          <reporter-output>
          </reporter-output>
        </test-method> <!-- config -->
        <test-method signature="AddShopperAddresseTest()[pri:1, instance:ShopperLogin.ShopperStackAddress@305b7c14]" started-at="2026-03-12T10:54:47 IST" name="AddShopperAddresseTest" finished-at="2026-03-12T10:54:48 IST" duration-ms="770" status="PASS">
          <reporter-output>
          </reporter-output>
        </test-method> <!-- AddShopperAddresseTest -->
        <test-method signature="GetShopperAddressesTest()[pri:2, instance:ShopperLogin.ShopperStackAddress@305b7c14]" started-at="2026-03-12T10:54:48 IST" name="GetShopperAddressesTest" finished-at="2026-03-12T10:54:49 IST" duration-ms="526" status="PASS">
          <reporter-output>
          </reporter-output>
        </test-method> <!-- GetShopperAddressesTest -->
        <test-method signature="UpdateAddress()[pri:3, instance:ShopperLogin.ShopperStackAddress@305b7c14]" started-at="2026-03-12T10:54:49 IST" name="UpdateAddress" finished-at="2026-03-12T10:54:49 IST" duration-ms="753" status="PASS">
          <reporter-output>
          </reporter-output>
        </test-method> <!-- UpdateAddress -->
        <test-method signature="GetParticularShopperAddressesTest()[pri:4, instance:ShopperLogin.ShopperStackAddress@305b7c14]" started-at="2026-03-12T10:54:49 IST" name="GetParticularShopperAddressesTest" finished-at="2026-03-12T10:54:50 IST" duration-ms="535" status="PASS">
          <reporter-output>
          </reporter-output>
        </test-method> <!-- GetParticularShopperAddressesTest -->
        <test-method signature="DeleteAddress()[pri:5, instance:ShopperLogin.ShopperStackAddress@305b7c14]" started-at="2026-03-12T10:54:50 IST" name="DeleteAddress" finished-at="2026-03-12T10:54:50 IST" duration-ms="511" status="PASS">
          <reporter-output>
          </reporter-output>
        </test-method> <!-- DeleteAddress -->
      </class> <!-- ShopperLogin.ShopperStackAddress -->
      <class name="ShopperLogin.ShopperLoginTest">
        <test-method is-config="true" signature="config()[pri:0, instance:ShopperLogin.ShopperLoginTest@4988d8b8]" started-at="2026-03-12T10:54:43 IST" name="config" finished-at="2026-03-12T10:54:43 IST" duration-ms="2" status="PASS">
          <reporter-output>
          </reporter-output>
        </test-method> <!-- config -->
        <test-method signature="shopperLoginTest()[pri:0, instance:ShopperLogin.ShopperLoginTest@4988d8b8]" started-at="2026-03-12T10:54:43 IST" name="shopperLoginTest" finished-at="2026-03-12T10:54:44 IST" duration-ms="1500" status="PASS">
          <reporter-output>
          </reporter-output>
        </test-method> <!-- shopperLoginTest -->
      </class> <!-- ShopperLogin.ShopperLoginTest -->
      <class name="ShopperLogin.ShopperStackWishlist">
        <test-method is-config="true" signature="config()[pri:0, instance:ShopperLogin.ShopperStackWishlist@c0c2f8d]" started-at="2026-03-12T10:54:44 IST" name="config" finished-at="2026-03-12T10:54:44 IST" duration-ms="3" status="PASS">
          <reporter-output>
          </reporter-output>
        </test-method> <!-- config -->
        <test-method signature="AddProductToWishlistTest()[pri:1, instance:ShopperLogin.ShopperStackWishlist@c0c2f8d]" started-at="2026-03-12T10:54:44 IST" name="AddProductToWishlistTest" finished-at="2026-03-12T10:54:45 IST" duration-ms="748" status="PASS">
          <reporter-output>
          </reporter-output>
        </test-method> <!-- AddProductToWishlistTest -->
        <test-method signature="GetProductFromWishlistTest()[pri:2, instance:ShopperLogin.ShopperStackWishlist@c0c2f8d]" started-at="2026-03-12T10:54:45 IST" name="GetProductFromWishlistTest" finished-at="2026-03-12T10:54:47 IST" duration-ms="1610" status="PASS">
          <reporter-output>
          </reporter-output>
        </test-method> <!-- GetProductFromWishlistTest -->
        <test-method signature="DeleteProductFromWishlist()[pri:3, instance:ShopperLogin.ShopperStackWishlist@c0c2f8d]" started-at="2026-03-12T10:54:47 IST" name="DeleteProductFromWishlist" finished-at="2026-03-12T10:54:47 IST" duration-ms="579" status="PASS">
          <reporter-output>
          </reporter-output>
        </test-method> <!-- DeleteProductFromWishlist -->
      </class> <!-- ShopperLogin.ShopperStackWishlist -->
      <class name="ShopperLogin.ShopperStackProduct">
        <test-method is-config="true" signature="configDB()[pri:0, instance:ShopperLogin.ShopperStackProduct@ae13544]" started-at="2026-03-12T10:54:32 IST" name="configDB" finished-at="2026-03-12T10:54:32 IST" duration-ms="822" status="PASS">
          <reporter-output>
          </reporter-output>
        </test-method> <!-- configDB -->
        <test-method is-config="true" signature="config()[pri:0, instance:ShopperLogin.ShopperStackProduct@ae13544]" started-at="2026-03-12T10:54:33 IST" name="config" finished-at="2026-03-12T10:54:33 IST" duration-ms="129" status="PASS">
          <reporter-output>
          </reporter-output>
        </test-method> <!-- config -->
        <test-method signature="GetProductTest()[pri:0, instance:ShopperLogin.ShopperStackProduct@ae13544]" started-at="2026-03-12T10:54:33 IST" name="GetProductTest" finished-at="2026-03-12T10:54:37 IST" duration-ms="4453" status="PASS">
          <reporter-output>
          </reporter-output>
        </test-method> <!-- GetProductTest -->
        <test-method is-config="true" signature="aftersuite()[pri:0, instance:ShopperLogin.ShopperStackProduct@ae13544]" started-at="2026-03-12T10:54:50 IST" name="aftersuite" finished-at="2026-03-12T10:54:50 IST" duration-ms="1" status="PASS">
          <reporter-output>
          </reporter-output>
        </test-method> <!-- aftersuite -->
      </class> <!-- ShopperLogin.ShopperStackProduct -->
    </test> <!-- Test -->
  </suite> <!-- Suite -->
</testng-results>
