<?xml version="1.0" encoding="UTF-8"?>
<testng-results ignored="0" total="1" passed="1" failed="0" skipped="0">
  <reporter-output>
  </reporter-output>
  <suite started-at="2026-03-11T10:57:56 IST" name="Default suite" finished-at="2026-03-11T10:57:59 IST" duration-ms="3125">
    <groups>
    </groups>
    <test started-at="2026-03-11T10:57:56 IST" name="Default test" finished-at="2026-03-11T10:57:59 IST" duration-ms="3125">
      <class name="ShopperLogin.ShopperLoginTest">
        <test-method is-config="true" signature="configDB()[pri:0, instance:ShopperLogin.ShopperLoginTest@d35dea7]" started-at="2026-03-11T10:57:56 IST" name="configDB" finished-at="2026-03-11T10:57:56 IST" duration-ms="563" status="PASS">
          <reporter-output>
          </reporter-output>
        </test-method> <!-- configDB -->
        <test-method is-config="true" signature="config()[pri:0, instance:ShopperLogin.ShopperLoginTest@d35dea7]" started-at="2026-03-11T10:57:56 IST" name="config" finished-at="2026-03-11T10:57:56 IST" duration-ms="80" status="PASS">
          <reporter-output>
          </reporter-output>
        </test-method> <!-- config -->
        <test-method signature="shopperLoginTest()[pri:0, instance:ShopperLogin.ShopperLoginTest@d35dea7]" started-at="2026-03-11T10:57:56 IST" name="shopperLoginTest" finished-at="2026-03-11T10:57:59 IST" duration-ms="3012" status="PASS">
          <reporter-output>
          </reporter-output>
        </test-method> <!-- shopperLoginTest -->
        <test-method is-config="true" signature="aftersuite()[pri:0, instance:ShopperLogin.ShopperLoginTest@d35dea7]" started-at="2026-03-11T10:58:00 IST" name="aftersuite" finished-at="2026-03-11T10:58:00 IST" duration-ms="0" status="PASS">
          <reporter-output>
          </reporter-output>
        </test-method> <!-- aftersuite -->
      </class> <!-- ShopperLogin.ShopperLoginTest -->
    </test> <!-- Default test -->
  </suite> <!-- Default suite -->
</testng-results>
