<?xml version="1.0" encoding="UTF-8"?>
<!-- Generated by org.testng.reporters.JUnitReportReporter -->
<testsuite hostname="FFE-Deepika-Simon-Dsouza" failures="0" tests="5" name="ShopperLogin.CartModuleTest" time="5.651" errors="0" timestamp="2026-03-12T10:54:51 IST" skipped="0">
  <testcase classname="ShopperLogin.CartModuleTest" name="getProductId" time="3.015"/>
  <testcase classname="ShopperLogin.CartModuleTest" name="addCartItem" time="0.789"/>
  <testcase classname="ShopperLogin.CartModuleTest" name="getCartItems" time="0.633"/>
  <testcase classname="ShopperLogin.CartModuleTest" name="updateCartItem" time="0.656"/>
  <testcase classname="ShopperLogin.CartModuleTest" name="deleteCartItem" time="0.558"/>
</testsuite> <!-- ShopperLogin.CartModuleTest -->
