<?xml version="1.0" encoding="UTF-8"?>
<!-- Generated by org.testng.reporters.JUnitReportReporter -->
<testsuite hostname="FFE-Deepika-Simon-Dsouza" failures="0" tests="5" name="ShopperLogin.ShopperStackAddress" time="3.095" errors="0" timestamp="2026-03-12T10:54:51 IST" skipped="0">
  <testcase classname="ShopperLogin.ShopperStackAddress" name="AddShopperAddresseTest" time="0.770"/>
  <testcase classname="ShopperLogin.ShopperStackAddress" name="GetShopperAddressesTest" time="0.526"/>
  <testcase classname="ShopperLogin.ShopperStackAddress" name="UpdateAddress" time="0.753"/>
  <testcase classname="ShopperLogin.ShopperStackAddress" name="GetParticularShopperAddressesTest" time="0.535"/>
  <testcase classname="ShopperLogin.ShopperStackAddress" name="DeleteAddress" time="0.511"/>
</testsuite> <!-- ShopperLogin.ShopperStackAddress -->
