<?xml version="1.0" encoding="UTF-8"?>
<!-- Generated by org.testng.reporters.JUnitReportReporter -->
<testsuite hostname="FFE-Deepika-Simon-Dsouza" failures="0" tests="5" name="ShopperLogin.ShopperStackAddress" time="8.358" errors="0" timestamp="2026-03-11T14:35:18 IST" skipped="0">
  <testcase classname="ShopperLogin.ShopperStackAddress" name="AddShopperAddresseTest" time="3.626"/>
  <testcase classname="ShopperLogin.ShopperStackAddress" name="GetShopperAddressesTest" time="0.810"/>
  <testcase classname="ShopperLogin.ShopperStackAddress" name="UpdateAddress" time="0.955"/>
  <testcase classname="ShopperLogin.ShopperStackAddress" name="GetParticularShopperAddressesTest" time="1.731"/>
  <testcase classname="ShopperLogin.ShopperStackAddress" name="DeleteAddress" time="1.236"/>
</testsuite> <!-- ShopperLogin.ShopperStackAddress -->
