<?xml version="1.0" encoding="UTF-8"?>
<!-- Generated by org.testng.reporters.JUnitReportReporter -->
<testsuite hostname="FFE-Deepika-Simon-Dsouza" failures="0" tests="3" name="ShopperLogin.ShopperStackWishlist" time="4.086" errors="0" timestamp="2026-03-11T15:20:01 IST" skipped="0">
  <testcase classname="ShopperLogin.ShopperStackWishlist" name="AddProductToWishlistTest" time="2.805"/>
  <testcase classname="ShopperLogin.ShopperStackWishlist" name="GetProductFromWishlistTest" time="0.707"/>
  <testcase classname="ShopperLogin.ShopperStackWishlist" name="DeleteProductFromWishlist" time="0.574"/>
</testsuite> <!-- ShopperLogin.ShopperStackWishlist -->
