<?xml version="1.0" encoding="UTF-8"?>
<!-- Generated by org.testng.reporters.JUnitReportReporter -->
<testsuite hostname="FFE-Deepika-Simon-Dsouza" failures="0" tests="3" name="ShopperLogin.ShopperStackWishlist" time="2.937" errors="0" timestamp="2026-03-12T10:54:51 IST" skipped="0">
  <testcase classname="ShopperLogin.ShopperStackWishlist" name="AddProductToWishlistTest" time="0.748"/>
  <testcase classname="ShopperLogin.ShopperStackWishlist" name="GetProductFromWishlistTest" time="1.610"/>
  <testcase classname="ShopperLogin.ShopperStackWishlist" name="DeleteProductFromWishlist" time="0.579"/>
</testsuite> <!-- ShopperLogin.ShopperStackWishlist -->
